<?xml version="1.0" encoding="UTF-8" standalone="no"?><testsuite errors="0" failures="0" name="Búsqueda de vuelos" skipped="0" tests="11" time="7.92" timestamp="2024-11-24 09:33:02"><testcase name="Selección del origen"/><testcase name="Selección de destino"/><testcase name="Selección de la fecha ida de vuelo"/><testcase name="Selección de la fecha vuelta de vuelo"/><testcase name="Búsqueda de vuelos disponibles"/><testcase name="Búsqueda de vuelo no disponible"/><testcase name="Origen no disponible"/><testcase name="Destino no disponible"/><testcase name="Seleccionar el mismo origen y destino"/><testcase name="Seleccionar una fecha de ida anterior a la actual"/><testcase name="Seleccionar una fecha de vuelta anterior a la de ida"/></testsuite>